<?xml version="1.0" encoding="UTF-8"?>
<!-- Generated by org.testng.reporters.JUnitReportReporter -->
<testsuite hostname="DESKTOP-K8U053K" failures="0" tests="1" name="test.ExempleTest" time="15.413" errors="0" timestamp="2024-10-20T01:04:27 BRT" skipped="0">
  <testcase classname="test.ExempleTest" name="login" time="15.413"/>
</testsuite> <!-- test.ExempleTest -->
