<?xml version="1.0" encoding="UTF-8"?>
<!-- Generated by org.testng.reporters.JUnitReportReporter -->
<testsuite hostname="DESKTOP-K8U053K" failures="0" tests="1" name="test.CriarTarefaTest" time="12.661" errors="0" timestamp="2024-10-21T17:59:12 BRT" skipped="0">
  <testcase classname="test.CriarTarefaTest" name="createTaskTest03" time="12.661"/>
</testsuite> <!-- test.CriarTarefaTest -->
