<?xml version="1.0" encoding="UTF-8"?>
<!-- Generated by org.testng.reporters.JUnitReportReporter -->
<testsuite hostname="DESKTOP-K8U053K" failures="0" tests="1" name="test.CriarTarefaTest" time="13.837" errors="0" timestamp="2024-10-21T19:39:15 BRT" skipped="0">
  <testcase classname="test.CriarTarefaTest" name="createTaskTest03" time="13.837"/>
</testsuite> <!-- test.CriarTarefaTest -->
