<?xml version="1.0" encoding="UTF-8"?>
<!-- Generated by org.testng.reporters.JUnitReportReporter -->
<testsuite hostname="DESKTOP-K8U053K" failures="0" tests="1" name="test.LoginTest" time="6.270" errors="0" timestamp="2024-10-21T17:59:43 BRT" skipped="0">
  <testcase classname="test.LoginTest" name="loginCT02" time="6.270"/>
</testsuite> <!-- test.LoginTest -->
